<?xml version="1.0" encoding="UTF-8"?>
<testsuite name="kr.ac.jejunu.UserDaoTests" tests="4" skipped="0" failures="0" errors="0" timestamp="2022-04-01T06:08:42" hostname="DESKTOP-5AC50JH" time="0.991">
  <properties/>
  <testcase name="findByIdHalla()" classname="kr.ac.jejunu.UserDaoTests" time="0.767"/>
  <testcase name="insert()" classname="kr.ac.jejunu.UserDaoTests" time="0.103"/>
  <testcase name="findById()" classname="kr.ac.jejunu.UserDaoTests" time="0.042"/>
  <testcase name="insertHalla()" classname="kr.ac.jejunu.UserDaoTests" time="0.075"/>
  <system-out><![CDATA[]]></system-out>
  <system-err><![CDATA[]]></system-err>
</testsuite>
