<?xml version="1.0" encoding="UTF-8"?>
<testsuite name="kr.ac.jejunu.UserDaoTests" tests="4" skipped="0" failures="0" errors="0" timestamp="2022-04-29T07:16:52" hostname="DESKTOP-5AC50JH" time="3.989">
  <properties/>
  <testcase name="delete()" classname="kr.ac.jejunu.UserDaoTests" time="2.234"/>
  <testcase name="insert()" classname="kr.ac.jejunu.UserDaoTests" time="0.631"/>
  <testcase name="update()" classname="kr.ac.jejunu.UserDaoTests" time="0.882"/>
  <testcase name="findById()" classname="kr.ac.jejunu.UserDaoTests" time="0.238"/>
  <system-out><![CDATA[]]></system-out>
  <system-err><![CDATA[]]></system-err>
</testsuite>
