<?xml version="1.0" encoding="UTF-8"?>
<testsuite name="kr.ac.jejunu.UserDaoTests" tests="2" skipped="0" failures="0" errors="0" timestamp="2022-03-25T08:53:57" hostname="DESKTOP-5AC50JH" time="1.811">
  <properties/>
  <testcase name="insert()" classname="kr.ac.jejunu.UserDaoTests" time="1.521"/>
  <testcase name="findById()" classname="kr.ac.jejunu.UserDaoTests" time="0.285"/>
  <system-out><![CDATA[]]></system-out>
  <system-err><![CDATA[]]></system-err>
</testsuite>
