<?xml version="1.0" encoding="UTF-8"?>
<testsuite name="kr.ac.jejunu.UserDaoTests" tests="1" skipped="0" failures="0" errors="0" timestamp="2022-03-19T16:37:17" hostname="DESKTOP-5AC50JH" time="1.588">
  <properties/>
  <testcase name="findById()" classname="kr.ac.jejunu.UserDaoTests" time="1.588"/>
  <system-out><![CDATA[]]></system-out>
  <system-err><![CDATA[]]></system-err>
</testsuite>
